02-Dec-25 11:50:46 - automation - INFO - test_001_signup is started...
02-Dec-25 11:50:49 - automation - INFO - Launching application...
02-Dec-25 11:50:49 - automation - INFO - Clicking on Signup/Login link...
02-Dec-25 11:50:55 - automation - INFO - Adding user details for signup...
02-Dec-25 11:50:58 - automation - INFO - Account is successfully created for the user...
02-Dec-25 11:50:58 - automation - INFO - test_001_sign_up is finished...
02-Dec-25 12:04:37 - automation - INFO - test_001_signup is started...
02-Dec-25 12:04:41 - automation - INFO - Launching application...
02-Dec-25 12:04:41 - automation - INFO - Clicking on Signup/Login link...
02-Dec-25 12:04:47 - automation - INFO - Adding user details for signup...
02-Dec-25 12:05:38 - automation - INFO - test_001_signup is started...
02-Dec-25 12:05:42 - automation - INFO - Launching application...
02-Dec-25 12:05:42 - automation - INFO - Clicking on Signup/Login link...
02-Dec-25 12:05:49 - automation - INFO - Adding user details for signup...
02-Dec-25 12:07:00 - automation - INFO - test_001_signup is started...
02-Dec-25 12:07:03 - automation - INFO - Launching application...
02-Dec-25 12:07:03 - automation - INFO - Clicking on Signup/Login link...
02-Dec-25 12:07:10 - automation - INFO - Adding user details for signup...
02-Dec-25 12:07:12 - automation - INFO - Account is successfully created for the user...
02-Dec-25 12:07:12 - automation - INFO - test_001_sign_up is finished...
02-Dec-25 12:10:42 - automation - INFO - test_001_signup is started...
02-Dec-25 12:10:46 - automation - INFO - Launching application...
02-Dec-25 12:10:46 - automation - INFO - Clicking on Signup/Login link...
02-Dec-25 12:10:54 - automation - INFO - Adding user details for signup...
02-Dec-25 12:10:58 - automation - INFO - Account is successfully created for the user...
02-Dec-25 12:10:58 - automation - INFO - test_001_sign_up is finished...


02-Dec-25 17:27:26 - automation - INFO - test_001_signup is started...
02-Dec-25 17:27:31 - automation - INFO - Launching application...
02-Dec-25 17:27:32 - automation - INFO - Clicking on Signup/Login link...
02-Dec-25 17:27:35 - automation - INFO - Adding user details for signup...
02-Dec-25 17:31:52 - automation - INFO - test_001_signup is started...
02-Dec-25 17:31:56 - automation - INFO - Launching application...
02-Dec-25 17:31:56 - automation - INFO - Clicking on Signup/Login link...
02-Dec-25 17:32:01 - automation - INFO - Adding user details for signup...
02-Dec-25 17:32:46 - automation - INFO - test_001_signup is started...
02-Dec-25 17:32:51 - automation - INFO - Launching application...
02-Dec-25 17:32:51 - automation - INFO - Clicking on Signup/Login link...
02-Dec-25 17:32:53 - automation - INFO - Adding user details for signup...
02-Dec-25 17:33:26 - automation - INFO - test_001_signup is started...
02-Dec-25 17:33:30 - automation - INFO - Launching application...
02-Dec-25 17:33:30 - automation - INFO - Clicking on Signup/Login link...
02-Dec-25 17:33:33 - automation - INFO - Adding user details for signup...
02-Dec-25 17:33:38 - automation - INFO - Account is successfully created for the user...
02-Dec-25 17:33:38 - automation - INFO - test_001_sign_up is finished...
02-Dec-25 17:37:38 - automation - INFO - test_001_signup is started...
02-Dec-25 17:37:42 - automation - INFO - Launching application...
02-Dec-25 17:37:42 - automation - INFO - Clicking on Signup/Login link...
02-Dec-25 17:38:07 - automation - INFO - Adding user details for signup...
02-Dec-25 17:38:42 - automation - INFO - test_001_signup is started...
02-Dec-25 17:38:46 - automation - INFO - Launching application...
02-Dec-25 17:38:46 - automation - INFO - Clicking on Signup/Login link...
02-Dec-25 17:40:26 - automation - INFO - test_001_signup is started...
02-Dec-25 17:40:31 - automation - INFO - Launching application...
02-Dec-25 17:40:31 - automation - INFO - Clicking on Signup/Login link...
02-Dec-25 17:40:35 - automation - INFO - Adding user details for signup...
02-Dec-25 17:40:37 - automation - INFO - Account is successfully created for the user...
02-Dec-25 17:40:38 - automation - INFO - test_001_sign_up is finished...
02-Dec-25 18:08:47 - automation - INFO - test_001_signup is started...
02-Dec-25 18:08:49 - automation - INFO - Launching application...
02-Dec-25 18:08:49 - automation - INFO - Clicking on Signup/Login link...
02-Dec-25 18:08:51 - automation - INFO - Adding user details for signup...
02-Dec-25 18:10:55 - automation - INFO - test_001_signup is started...
02-Dec-25 18:10:59 - automation - INFO - Launching application...
02-Dec-25 18:10:59 - automation - INFO - Clicking on Signup/Login link...
02-Dec-25 18:11:04 - automation - INFO - Adding user details for signup...
02-Dec-25 18:12:16 - automation - INFO - test_001_signup is started...
02-Dec-25 18:12:20 - automation - INFO - Launching application...
02-Dec-25 18:12:20 - automation - INFO - Clicking on Signup/Login link...
02-Dec-25 18:12:23 - automation - INFO - Adding user details for signup...
02-Dec-25 18:16:30 - automation - INFO - test_001_signup is started...
02-Dec-25 18:16:34 - automation - INFO - Launching application...
02-Dec-25 18:16:34 - automation - INFO - Clicking on Signup/Login link...
02-Dec-25 18:16:36 - automation - INFO - Adding user details for signup...
02-Dec-25 18:16:40 - automation - INFO - Account is successfully created for the user...
02-Dec-25 18:16:40 - automation - INFO - test_001_sign_up is finished...
02-Dec-25 18:16:52 - automation - INFO - test_001_signup is started...
02-Dec-25 18:16:55 - automation - INFO - Launching application...
02-Dec-25 18:16:55 - automation - INFO - Clicking on Signup/Login link...
02-Dec-25 18:16:58 - automation - INFO - Adding user details for signup...
02-Dec-25 18:17:01 - automation - INFO - Account is successfully created for the user...
02-Dec-25 18:17:02 - automation - INFO - test_001_sign_up is finished...
02-Dec-25 18:22:56 - automation - INFO - test_001_signup is started...
02-Dec-25 18:23:00 - automation - INFO - Launching application...
02-Dec-25 18:23:01 - automation - INFO - Clicking on Signup/Login link...
02-Dec-25 18:23:05 - automation - INFO - Adding user details for signup...
02-Dec-25 18:46:00 - automation - INFO - test_001_signup is started...
02-Dec-25 18:46:02 - automation - INFO - Launching application...
02-Dec-25 18:46:02 - automation - INFO - Clicking on Signup/Login link...
02-Dec-25 18:46:06 - automation - INFO - Adding user details for signup...
02-Dec-25 18:46:09 - automation - INFO - Account is successfully created for the user...
02-Dec-25 18:46:09 - automation - INFO - test_001_sign_up is finished...
02-Dec-25 18:46:39 - automation - INFO - test_001_signup is started...
02-Dec-25 18:46:43 - automation - INFO - Launching application...
02-Dec-25 18:46:43 - automation - INFO - Clicking on Signup/Login link...
02-Dec-25 18:46:46 - automation - INFO - Adding user details for signup...
02-Dec-25 18:46:49 - automation - INFO - Account is successfully created for the user...
02-Dec-25 18:46:50 - automation - INFO - test_001_sign_up is finished...
02-Dec-25 18:59:03 - automation - INFO - test_001_signup is started...
02-Dec-25 18:59:05 - automation - INFO - Launching application...
02-Dec-25 18:59:06 - automation - INFO - Clicking on Signup/Login link...
02-Dec-25 18:59:09 - automation - INFO - Adding user details for signup...
02-Dec-25 18:59:11 - automation - INFO - Account is successfully created for the user...
02-Dec-25 18:59:11 - automation - INFO - test_001_sign_up is finished...
02-Dec-25 19:10:39 - automation - INFO - test_001_signup is started...
02-Dec-25 19:10:43 - automation - INFO - Launching application...
02-Dec-25 19:10:43 - automation - INFO - Clicking on Signup/Login link...
02-Dec-25 19:10:45 - automation - INFO - Adding user details for signup...
02-Dec-25 19:10:48 - automation - INFO - Account is successfully created for the user...
02-Dec-25 19:10:48 - automation - INFO - test_001_sign_up is finished...
02-Dec-25 19:40:16 - automation - INFO - test_001_signup is started...
02-Dec-25 19:40:18 - automation - INFO - Launching application...
02-Dec-25 19:40:18 - automation - INFO - Clicking on Signup/Login link...
02-Dec-25 19:40:20 - automation - INFO - Adding user details for signup...
02-Dec-25 19:40:23 - automation - INFO - Account is successfully created for the user...
02-Dec-25 19:40:23 - automation - INFO - test_001_sign_up is finished...
02-Dec-25 19:41:09 - automation - INFO - test_001_signup is started...
02-Dec-25 19:41:12 - automation - INFO - Launching application...
02-Dec-25 19:41:12 - automation - INFO - Clicking on Signup/Login link...
02-Dec-25 19:41:14 - automation - INFO - Adding user details for signup...
02-Dec-25 19:41:16 - automation - INFO - Account is successfully created for the user...
02-Dec-25 19:41:16 - automation - INFO - test_001_sign_up is finished...
02-Dec-25 19:42:46 - automation - INFO - test_001_signup is started...
02-Dec-25 19:42:49 - automation - INFO - Launching application...
02-Dec-25 19:42:49 - automation - INFO - Clicking on Signup/Login link...
02-Dec-25 19:42:51 - automation - INFO - Adding user details for signup...
02-Dec-25 19:42:55 - automation - INFO - Account is successfully created for the user...
02-Dec-25 19:42:56 - automation - INFO - test_001_sign_up is finished...
02-Dec-25 23:56:24 - automation - INFO - Launching application...
02-Dec-25 23:56:27 - automation - INFO - Adding credentials...
02-Dec-25 23:57:45 - automation - INFO - Launching application...
02-Dec-25 23:57:49 - automation - INFO - Adding credentials...
02-Dec-25 23:57:50 - automation - INFO - Checking loggin status...
03-Dec-25 00:13:56 - automation - INFO - Launching application...
03-Dec-25 00:14:01 - automation - INFO - Adding credentials...
03-Dec-25 00:14:04 - automation - INFO - Checking loggin status...
03-Dec-25 00:16:03 - automation - INFO - Launching application...
03-Dec-25 00:16:08 - automation - INFO - Adding credentials...
03-Dec-25 00:16:11 - automation - INFO - Checking loggin status...
03-Dec-25 00:17:55 - automation - INFO - Launching application...
03-Dec-25 00:17:58 - automation - INFO - Adding credentials...
03-Dec-25 00:18:02 - automation - INFO - Checking login status...
03-Dec-25 00:22:45 - automation - INFO - Launching application...
03-Dec-25 00:22:50 - automation - INFO - Adding credentials...
03-Dec-25 00:22:55 - automation - INFO - Checking login status...
03-Dec-25 00:22:55 - automation - INFO - Login Successful...
03-Dec-25 00:25:10 - automation - INFO - Launching application...
03-Dec-25 00:25:14 - automation - INFO - Adding credentials...
03-Dec-25 00:25:21 - automation - INFO - Checking login status...
03-Dec-25 00:25:21 - automation - INFO - Login Successful...
03-Dec-25 00:26:40 - automation - INFO - Launching application...
03-Dec-25 00:26:46 - automation - INFO - Adding credentials...
03-Dec-25 00:26:50 - automation - INFO - Checking login status...
03-Dec-25 00:31:52 - automation - INFO - Launching application...
03-Dec-25 00:31:56 - automation - INFO - Adding credentials...
03-Dec-25 00:32:02 - automation - INFO - Checking login status...
03-Dec-25 00:34:19 - automation - INFO - Launching application...
03-Dec-25 00:34:26 - automation - INFO - Adding credentials...
03-Dec-25 00:34:29 - automation - INFO - Checking login status...
03-Dec-25 00:34:29 - automation - INFO - Login Successful...
03-Dec-25 00:34:31 - automation - INFO - test_001_signup is started...
03-Dec-25 00:34:34 - automation - INFO - Launching application...
03-Dec-25 00:34:34 - automation - INFO - Clicking on Signup/Login link...
03-Dec-25 00:34:36 - automation - INFO - Adding user details for signup...
03-Dec-25 00:34:38 - automation - INFO - Account is successfully created for the user...
03-Dec-25 00:34:38 - automation - INFO - test_001_sign_up is finished...
03-Dec-25 10:44:35 - automation - INFO - test_001_signup is started...
03-Dec-25 10:44:38 - automation - INFO - Launching application...
03-Dec-25 10:44:38 - automation - INFO - Clicking on Signup/Login link...
03-Dec-25 10:44:39 - automation - INFO - Adding user details for signup...
03-Dec-25 10:44:45 - automation - INFO - Account is successfully created for the user...
03-Dec-25 10:44:46 - automation - INFO - test_001_sign_up is finished...
03-Dec-25 10:44:49 - automation - INFO - Launching application...
03-Dec-25 10:44:53 - automation - INFO - Adding credentials...
03-Dec-25 10:44:56 - automation - INFO - Checking login status...
03-Dec-25 10:44:56 - automation - INFO - Login Successful...
05-Dec-25 19:47:22 - automation - INFO - test_001_signup is started...
05-Dec-25 19:47:25 - automation - INFO - Launching application...
05-Dec-25 19:47:25 - automation - INFO - Clicking on Signup/Login link...
05-Dec-25 19:47:28 - automation - INFO - Adding user details for signup...
05-Dec-25 19:47:30 - automation - INFO - Account is successfully created for the user...
05-Dec-25 19:47:30 - automation - INFO - test_001_sign_up is finished...
05-Dec-25 19:47:34 - automation - INFO - Launching application...
05-Dec-25 19:47:38 - automation - INFO - Adding credentials...
05-Dec-25 19:47:45 - automation - INFO - Checking login status...
05-Dec-25 19:47:45 - automation - INFO - Login Successful...
06-Dec-25 23:49:00 - automation - INFO - test_001_signup is started...
06-Dec-25 23:49:08 - automation - INFO - Launching application...
06-Dec-25 23:49:08 - automation - INFO - Clicking on Signup/Login link...
06-Dec-25 23:49:11 - automation - INFO - Adding user details for signup...
06-Dec-25 23:49:24 - automation - INFO - Account is successfully created for the user...
06-Dec-25 23:49:25 - automation - INFO - test_001_sign_up is finished...
06-Dec-25 23:49:27 - automation - INFO - Launching application...
06-Dec-25 23:49:34 - automation - INFO - Adding credentials...
06-Dec-25 23:49:38 - automation - INFO - Checking login status...
06-Dec-25 23:49:42 - automation - INFO - Login Successful...
10-Dec-25 23:40:16 - automation - INFO - Launching application...
10-Dec-25 23:48:12 - automation - INFO - Launching application...
10-Dec-25 23:48:17 - automation - INFO - Checking combination of valid and invalid credentials...
10-Dec-25 23:48:24 - automation - INFO - Checking combination of valid and invalid credentials...
10-Dec-25 23:51:01 - automation - INFO - Launching application...
10-Dec-25 23:51:05 - automation - INFO - Checking combination of valid and invalid credentials...
10-Dec-25 23:51:15 - automation - INFO - Checking combination of valid and invalid credentials...
10-Dec-25 23:51:56 - automation - INFO - Launching application...
10-Dec-25 23:51:59 - automation - INFO - Checking combination of valid and invalid credentials...
10-Dec-25 23:55:20 - automation - INFO - Launching application...
10-Dec-25 23:55:26 - automation - INFO - Checking combination of valid and invalid credentials...
10-Dec-25 23:55:35 - automation - INFO - Checking combination of valid and invalid credentials...
10-Dec-25 23:55:51 - automation - INFO - Checking combination of valid and invalid credentials...
10-Dec-25 23:56:08 - automation - INFO - Checking combination of valid and invalid credentials...
10-Dec-25 23:56:23 - automation - INFO - login ddt test passed...
10-Dec-25 23:56:23 - automation - INFO - Completed login ddt test...
11-Dec-25 00:05:01 - automation - INFO - Launching application...
11-Dec-25 00:05:08 - automation - INFO - Adding credentials...
11-Dec-25 00:05:16 - automation - INFO - Checking login status...
11-Dec-25 00:05:16 - automation - INFO - Login Successful...
11-Dec-25 14:23:06 - automation - INFO - Launching application...
11-Dec-25 14:23:15 - automation - INFO - Adding credentials...
11-Dec-25 14:23:22 - automation - INFO - Checking login status...
11-Dec-25 14:23:22 - automation - INFO - Login Successful...
